2014/12/24 13:35:26 [error] [php] include(Buku.php): failed to open stream: No such file or directory (C:\xampp\htdocs\yii\framework\YiiBase.php:432)
Stack trace:
#0 C:\xampp\htdocs\firstyii\protected\controllers\HomeController.php(5): spl_autoload_call()
#1 C:\xampp\htdocs\yii\framework\web\actions\CInlineAction.php(49): HomeController->actionIndex()
#2 C:\xampp\htdocs\yii\framework\web\CController.php(308): CInlineAction->runWithParams()
#3 C:\xampp\htdocs\yii\framework\web\CController.php(286): HomeController->runAction()
#4 C:\xampp\htdocs\yii\framework\web\CController.php(265): HomeController->runActionWithFilters()
#5 C:\xampp\htdocs\yii\framework\web\CWebApplication.php(282): HomeController->run()
#6 C:\xampp\htdocs\yii\framework\web\CWebApplication.php(141): CWebApplication->runController()
#7 C:\xampp\htdocs\yii\framework\base\CApplication.php(184): CWebApplication->processRequest()
#8 C:\xampp\htdocs\firstyii\index.php(13): CWebApplication->run()
REQUEST_URI=/firstyii/home
in C:\xampp\htdocs\firstyii\protected\controllers\HomeController.php (5)
in C:\xampp\htdocs\firstyii\index.php (13)
2014/12/24 13:41:25 [error] [php] Creating default object from empty value (C:\xampp\htdocs\firstyii\protected\controllers\HomeController.php:11)
Stack trace:
#0 C:\xampp\htdocs\yii\framework\web\CController.php(286): HomeController->runAction()
#1 C:\xampp\htdocs\yii\framework\web\CController.php(265): HomeController->runActionWithFilters()
#2 C:\xampp\htdocs\yii\framework\web\CWebApplication.php(282): HomeController->run()
#3 C:\xampp\htdocs\yii\framework\web\CWebApplication.php(141): CWebApplication->runController()
#4 C:\xampp\htdocs\yii\framework\base\CApplication.php(184): CWebApplication->processRequest()
#5 C:\xampp\htdocs\firstyii\index.php(13): CWebApplication->run()
REQUEST_URI=/firstyii/home/add
in C:\xampp\htdocs\firstyii\protected\controllers\HomeController.php (11)
in C:\xampp\htdocs\firstyii\index.php (13)
2014/12/24 14:14:47 [error] [php] Creating default object from empty value (C:\xampp\htdocs\firstyii\protected\controllers\HomeController.php:11)
Stack trace:
#0 C:\xampp\htdocs\yii\framework\web\CController.php(286): HomeController->runAction()
#1 C:\xampp\htdocs\yii\framework\web\CController.php(265): HomeController->runActionWithFilters()
#2 C:\xampp\htdocs\yii\framework\web\CWebApplication.php(282): HomeController->run()
#3 C:\xampp\htdocs\yii\framework\web\CWebApplication.php(141): CWebApplication->runController()
#4 C:\xampp\htdocs\yii\framework\base\CApplication.php(184): CWebApplication->processRequest()
#5 C:\xampp\htdocs\firstyii\index.php(13): CWebApplication->run()
REQUEST_URI=/firstyii/home/add
in C:\xampp\htdocs\firstyii\protected\controllers\HomeController.php (11)
in C:\xampp\htdocs\firstyii\index.php (13)
2014/12/24 14:19:38 [error] [php] Creating default object from empty value (C:\xampp\htdocs\firstyii\protected\controllers\HomeController.php:11)
Stack trace:
#0 C:\xampp\htdocs\yii\framework\web\CController.php(286): HomeController->runAction()
#1 C:\xampp\htdocs\yii\framework\web\CController.php(265): HomeController->runActionWithFilters()
#2 C:\xampp\htdocs\yii\framework\web\CWebApplication.php(282): HomeController->run()
#3 C:\xampp\htdocs\yii\framework\web\CWebApplication.php(141): CWebApplication->runController()
#4 C:\xampp\htdocs\yii\framework\base\CApplication.php(184): CWebApplication->processRequest()
#5 C:\xampp\htdocs\firstyii\index.php(13): CWebApplication->run()
REQUEST_URI=/firstyii/home/add
in C:\xampp\htdocs\firstyii\protected\controllers\HomeController.php (11)
in C:\xampp\htdocs\firstyii\index.php (13)
2014/12/24 14:20:52 [error] [php] Undefined index: img (C:\xampp\htdocs\firstyii\protected\controllers\HomeController.php:16)
Stack trace:
#0 C:\xampp\htdocs\yii\framework\web\CController.php(286): HomeController->runAction()
#1 C:\xampp\htdocs\yii\framework\web\CController.php(265): HomeController->runActionWithFilters()
#2 C:\xampp\htdocs\yii\framework\web\CWebApplication.php(282): HomeController->run()
#3 C:\xampp\htdocs\yii\framework\web\CWebApplication.php(141): CWebApplication->runController()
#4 C:\xampp\htdocs\yii\framework\base\CApplication.php(184): CWebApplication->processRequest()
#5 C:\xampp\htdocs\firstyii\index.php(13): CWebApplication->run()
REQUEST_URI=/firstyii/home/add
in C:\xampp\htdocs\firstyii\protected\controllers\HomeController.php (16)
in C:\xampp\htdocs\firstyii\index.php (13)
2014/12/24 14:26:46 [error] [php] Undefined variable: model (C:\xampp\htdocs\firstyii\protected\controllers\HomeController.php:13)
Stack trace:
#0 C:\xampp\htdocs\yii\framework\web\CController.php(286): HomeController->runAction()
#1 C:\xampp\htdocs\yii\framework\web\CController.php(265): HomeController->runActionWithFilters()
#2 C:\xampp\htdocs\yii\framework\web\CWebApplication.php(282): HomeController->run()
#3 C:\xampp\htdocs\yii\framework\web\CWebApplication.php(141): CWebApplication->runController()
#4 C:\xampp\htdocs\yii\framework\base\CApplication.php(184): CWebApplication->processRequest()
#5 C:\xampp\htdocs\firstyii\index.php(13): CWebApplication->run()
REQUEST_URI=/firstyii/home/index
in C:\xampp\htdocs\firstyii\protected\controllers\HomeController.php (13)
in C:\xampp\htdocs\firstyii\index.php (13)
2014/12/24 14:37:04 [error] [php] Undefined variable: buku (C:\xampp\htdocs\firstyii\protected\views\home\edit.php:7)
Stack trace:
#0 C:\xampp\htdocs\yii\framework\web\CController.php(869): HomeController->renderFile()
#1 C:\xampp\htdocs\yii\framework\web\CController.php(782): HomeController->renderPartial()
#2 C:\xampp\htdocs\firstyii\protected\controllers\HomeController.php(40): HomeController->render()
#3 unknown(0): HomeController->actionEdit()
#4 C:\xampp\htdocs\yii\framework\web\actions\CAction.php(109): ReflectionMethod->invokeArgs()
#5 C:\xampp\htdocs\yii\framework\web\actions\CInlineAction.php(47): CInlineAction->runWithParamsInternal()
#6 C:\xampp\htdocs\yii\framework\web\CController.php(308): CInlineAction->runWithParams()
#7 C:\xampp\htdocs\yii\framework\web\CController.php(286): HomeController->runAction()
#8 C:\xampp\htdocs\yii\framework\web\CController.php(265): HomeController->runActionWithFilters()
#9 C:\xampp\htdocs\yii\framework\web\CWebApplication.php(282): HomeController->run()
#10 C:\xampp\htdocs\yii\framework\web\CWebApplication.php(141): CWebApplication->runController()
#11 C:\xampp\htdocs\yii\framework\base\CApplication.php(184): CWebApplication->processRequest()
#12 C:\xampp\htdocs\firstyii\index.php(13): CWebApplication->run()
REQUEST_URI=/firstyii/home/edit/1
in C:\xampp\htdocs\firstyii\protected\views\home\edit.php (7)
in C:\xampp\htdocs\firstyii\protected\controllers\HomeController.php (40)
in C:\xampp\htdocs\firstyii\index.php (13)
2014/12/24 14:38:38 [error] [exception.CHttpException.404] exception 'CHttpException' with message 'Unable to resolve the request "buku/edit".' in C:\xampp\htdocs\yii\framework\web\CWebApplication.php:286
Stack trace:
#0 C:\xampp\htdocs\yii\framework\web\CWebApplication.php(141): CWebApplication->runController('buku/edit')
#1 C:\xampp\htdocs\yii\framework\base\CApplication.php(184): CWebApplication->processRequest()
#2 C:\xampp\htdocs\firstyii\index.php(13): CApplication->run()
#3 {main}
REQUEST_URI=/firstyii/buku/edit/1
HTTP_REFERER=http://localhost/firstyii/home/edit/1
---
2014/12/24 14:38:48 [error] [exception.CHttpException.404] exception 'CHttpException' with message 'Unable to resolve the request "buku/edit".' in C:\xampp\htdocs\yii\framework\web\CWebApplication.php:286
Stack trace:
#0 C:\xampp\htdocs\yii\framework\web\CWebApplication.php(141): CWebApplication->runController('buku/edit')
#1 C:\xampp\htdocs\yii\framework\base\CApplication.php(184): CWebApplication->processRequest()
#2 C:\xampp\htdocs\firstyii\index.php(13): CApplication->run()
#3 {main}
REQUEST_URI=/firstyii/buku/edit/1
HTTP_REFERER=http://localhost/firstyii/home/edit/1
---
2014/12/24 16:09:28 [error] [php] Undefined index: username (C:\xampp\htdocs\firstyii\protected\controllers\SiteController.php:92)
Stack trace:
#0 C:\xampp\htdocs\yii\framework\web\CController.php(286): SiteController->runAction()
#1 C:\xampp\htdocs\yii\framework\web\CController.php(265): SiteController->runActionWithFilters()
#2 C:\xampp\htdocs\yii\framework\web\CWebApplication.php(282): SiteController->run()
#3 C:\xampp\htdocs\yii\framework\web\CWebApplication.php(141): CWebApplication->runController()
#4 C:\xampp\htdocs\yii\framework\base\CApplication.php(184): CWebApplication->processRequest()
#5 C:\xampp\htdocs\firstyii\index.php(13): CWebApplication->run()
REQUEST_URI=/firstyii/site/login
in C:\xampp\htdocs\firstyii\protected\controllers\SiteController.php (92)
in C:\xampp\htdocs\firstyii\index.php (13)
2014/12/24 16:20:32 [error] [exception.CException] exception 'CException' with message 'HomeController cannot find the requested view "login".' in C:\xampp\htdocs\yii\framework\web\CController.php:878
Stack trace:
#0 C:\xampp\htdocs\yii\framework\web\CController.php(782): CController->renderPartial('login', Array, true)
#1 C:\xampp\htdocs\firstyii\protected\controllers\HomeController.php(16): CController->render('login', Array)
#2 C:\xampp\htdocs\yii\framework\web\actions\CInlineAction.php(49): HomeController->actionIndex()
#3 C:\xampp\htdocs\yii\framework\web\CController.php(308): CInlineAction->runWithParams(Array)
#4 C:\xampp\htdocs\yii\framework\web\CController.php(286): CController->runAction(Object(CInlineAction))
#5 C:\xampp\htdocs\yii\framework\web\CController.php(265): CController->runActionWithFilters(Object(CInlineAction), Array)
#6 C:\xampp\htdocs\yii\framework\web\CWebApplication.php(282): CController->run('')
#7 C:\xampp\htdocs\yii\framework\web\CWebApplication.php(141): CWebApplication->runController('home')
#8 C:\xampp\htdocs\yii\framework\base\CApplication.php(184): CWebApplication->processRequest()
#9 C:\xampp\htdocs\firstyii\index.php(13): CApplication->run()
#10 {main}
REQUEST_URI=/firstyii/home
---
2014/12/24 16:20:50 [error] [php] Undefined variable: mhs (C:\xampp\htdocs\firstyii\protected\views\home\view.php:17)
Stack trace:
#0 C:\xampp\htdocs\yii\framework\web\CController.php(869): HomeController->renderFile()
#1 C:\xampp\htdocs\yii\framework\web\CController.php(782): HomeController->renderPartial()
#2 C:\xampp\htdocs\firstyii\protected\controllers\HomeController.php(16): HomeController->render()
#3 C:\xampp\htdocs\yii\framework\web\actions\CInlineAction.php(49): HomeController->actionIndex()
#4 C:\xampp\htdocs\yii\framework\web\CController.php(308): CInlineAction->runWithParams()
#5 C:\xampp\htdocs\yii\framework\web\CController.php(286): HomeController->runAction()
#6 C:\xampp\htdocs\yii\framework\web\CController.php(265): HomeController->runActionWithFilters()
#7 C:\xampp\htdocs\yii\framework\web\CWebApplication.php(282): HomeController->run()
#8 C:\xampp\htdocs\yii\framework\web\CWebApplication.php(141): CWebApplication->runController()
#9 C:\xampp\htdocs\yii\framework\base\CApplication.php(184): CWebApplication->processRequest()
#10 C:\xampp\htdocs\firstyii\index.php(13): CWebApplication->run()
REQUEST_URI=/firstyii/home
in C:\xampp\htdocs\firstyii\protected\views\home\view.php (17)
in C:\xampp\htdocs\firstyii\protected\controllers\HomeController.php (16)
in C:\xampp\htdocs\firstyii\index.php (13)
2014/12/24 16:21:18 [error] [php] Undefined variable: mhs (C:\xampp\htdocs\firstyii\protected\views\home\view.php:17)
Stack trace:
#0 C:\xampp\htdocs\yii\framework\web\CController.php(869): HomeController->renderFile()
#1 C:\xampp\htdocs\yii\framework\web\CController.php(782): HomeController->renderPartial()
#2 C:\xampp\htdocs\firstyii\protected\controllers\HomeController.php(16): HomeController->render()
#3 C:\xampp\htdocs\yii\framework\web\actions\CInlineAction.php(49): HomeController->actionIndex()
#4 C:\xampp\htdocs\yii\framework\web\CController.php(308): CInlineAction->runWithParams()
#5 C:\xampp\htdocs\yii\framework\web\CController.php(286): HomeController->runAction()
#6 C:\xampp\htdocs\yii\framework\web\CController.php(265): HomeController->runActionWithFilters()
#7 C:\xampp\htdocs\yii\framework\web\CWebApplication.php(282): HomeController->run()
#8 C:\xampp\htdocs\yii\framework\web\CWebApplication.php(141): CWebApplication->runController()
#9 C:\xampp\htdocs\yii\framework\base\CApplication.php(184): CWebApplication->processRequest()
#10 C:\xampp\htdocs\firstyii\index.php(13): CWebApplication->run()
REQUEST_URI=/firstyii/home
in C:\xampp\htdocs\firstyii\protected\views\home\view.php (17)
in C:\xampp\htdocs\firstyii\protected\controllers\HomeController.php (16)
in C:\xampp\htdocs\firstyii\index.php (13)
2014/12/24 16:21:18 [error] [php] Undefined variable: mhs (C:\xampp\htdocs\firstyii\protected\views\home\view.php:17)
Stack trace:
#0 C:\xampp\htdocs\yii\framework\web\CController.php(869): HomeController->renderFile()
#1 C:\xampp\htdocs\yii\framework\web\CController.php(782): HomeController->renderPartial()
#2 C:\xampp\htdocs\firstyii\protected\controllers\HomeController.php(16): HomeController->render()
#3 C:\xampp\htdocs\yii\framework\web\actions\CInlineAction.php(49): HomeController->actionIndex()
#4 C:\xampp\htdocs\yii\framework\web\CController.php(308): CInlineAction->runWithParams()
#5 C:\xampp\htdocs\yii\framework\web\CController.php(286): HomeController->runAction()
#6 C:\xampp\htdocs\yii\framework\web\CController.php(265): HomeController->runActionWithFilters()
#7 C:\xampp\htdocs\yii\framework\web\CWebApplication.php(282): HomeController->run()
#8 C:\xampp\htdocs\yii\framework\web\CWebApplication.php(141): CWebApplication->runController()
#9 C:\xampp\htdocs\yii\framework\base\CApplication.php(184): CWebApplication->processRequest()
#10 C:\xampp\htdocs\firstyii\index.php(13): CWebApplication->run()
REQUEST_URI=/firstyii/home
in C:\xampp\htdocs\firstyii\protected\views\home\view.php (17)
in C:\xampp\htdocs\firstyii\protected\controllers\HomeController.php (16)
in C:\xampp\htdocs\firstyii\index.php (13)
2014/12/24 16:21:19 [error] [php] Undefined variable: mhs (C:\xampp\htdocs\firstyii\protected\views\home\view.php:17)
Stack trace:
#0 C:\xampp\htdocs\yii\framework\web\CController.php(869): HomeController->renderFile()
#1 C:\xampp\htdocs\yii\framework\web\CController.php(782): HomeController->renderPartial()
#2 C:\xampp\htdocs\firstyii\protected\controllers\HomeController.php(16): HomeController->render()
#3 C:\xampp\htdocs\yii\framework\web\actions\CInlineAction.php(49): HomeController->actionIndex()
#4 C:\xampp\htdocs\yii\framework\web\CController.php(308): CInlineAction->runWithParams()
#5 C:\xampp\htdocs\yii\framework\web\CController.php(286): HomeController->runAction()
#6 C:\xampp\htdocs\yii\framework\web\CController.php(265): HomeController->runActionWithFilters()
#7 C:\xampp\htdocs\yii\framework\web\CWebApplication.php(282): HomeController->run()
#8 C:\xampp\htdocs\yii\framework\web\CWebApplication.php(141): CWebApplication->runController()
#9 C:\xampp\htdocs\yii\framework\base\CApplication.php(184): CWebApplication->processRequest()
#10 C:\xampp\htdocs\firstyii\index.php(13): CWebApplication->run()
REQUEST_URI=/firstyii/home
in C:\xampp\htdocs\firstyii\protected\views\home\view.php (17)
in C:\xampp\htdocs\firstyii\protected\controllers\HomeController.php (16)
in C:\xampp\htdocs\firstyii\index.php (13)
2014/12/24 16:21:19 [error] [php] Undefined variable: mhs (C:\xampp\htdocs\firstyii\protected\views\home\view.php:17)
Stack trace:
#0 C:\xampp\htdocs\yii\framework\web\CController.php(869): HomeController->renderFile()
#1 C:\xampp\htdocs\yii\framework\web\CController.php(782): HomeController->renderPartial()
#2 C:\xampp\htdocs\firstyii\protected\controllers\HomeController.php(16): HomeController->render()
#3 C:\xampp\htdocs\yii\framework\web\actions\CInlineAction.php(49): HomeController->actionIndex()
#4 C:\xampp\htdocs\yii\framework\web\CController.php(308): CInlineAction->runWithParams()
#5 C:\xampp\htdocs\yii\framework\web\CController.php(286): HomeController->runAction()
#6 C:\xampp\htdocs\yii\framework\web\CController.php(265): HomeController->runActionWithFilters()
#7 C:\xampp\htdocs\yii\framework\web\CWebApplication.php(282): HomeController->run()
#8 C:\xampp\htdocs\yii\framework\web\CWebApplication.php(141): CWebApplication->runController()
#9 C:\xampp\htdocs\yii\framework\base\CApplication.php(184): CWebApplication->processRequest()
#10 C:\xampp\htdocs\firstyii\index.php(13): CWebApplication->run()
REQUEST_URI=/firstyii/home
in C:\xampp\htdocs\firstyii\protected\views\home\view.php (17)
in C:\xampp\htdocs\firstyii\protected\controllers\HomeController.php (16)
in C:\xampp\htdocs\firstyii\index.php (13)
2014/12/24 16:21:19 [error] [php] Undefined variable: mhs (C:\xampp\htdocs\firstyii\protected\views\home\view.php:17)
Stack trace:
#0 C:\xampp\htdocs\yii\framework\web\CController.php(869): HomeController->renderFile()
#1 C:\xampp\htdocs\yii\framework\web\CController.php(782): HomeController->renderPartial()
#2 C:\xampp\htdocs\firstyii\protected\controllers\HomeController.php(16): HomeController->render()
#3 C:\xampp\htdocs\yii\framework\web\actions\CInlineAction.php(49): HomeController->actionIndex()
#4 C:\xampp\htdocs\yii\framework\web\CController.php(308): CInlineAction->runWithParams()
#5 C:\xampp\htdocs\yii\framework\web\CController.php(286): HomeController->runAction()
#6 C:\xampp\htdocs\yii\framework\web\CController.php(265): HomeController->runActionWithFilters()
#7 C:\xampp\htdocs\yii\framework\web\CWebApplication.php(282): HomeController->run()
#8 C:\xampp\htdocs\yii\framework\web\CWebApplication.php(141): CWebApplication->runController()
#9 C:\xampp\htdocs\yii\framework\base\CApplication.php(184): CWebApplication->processRequest()
#10 C:\xampp\htdocs\firstyii\index.php(13): CWebApplication->run()
REQUEST_URI=/firstyii/home
in C:\xampp\htdocs\firstyii\protected\views\home\view.php (17)
in C:\xampp\htdocs\firstyii\protected\controllers\HomeController.php (16)
in C:\xampp\htdocs\firstyii\index.php (13)
2014/12/24 16:21:38 [error] [php] Undefined variable: model (C:\xampp\htdocs\firstyii\protected\views\home\view.php:71)
Stack trace:
#0 C:\xampp\htdocs\yii\framework\web\CController.php(869): HomeController->renderFile()
#1 C:\xampp\htdocs\yii\framework\web\CController.php(782): HomeController->renderPartial()
#2 C:\xampp\htdocs\firstyii\protected\controllers\HomeController.php(16): HomeController->render()
#3 C:\xampp\htdocs\yii\framework\web\actions\CInlineAction.php(49): HomeController->actionIndex()
#4 C:\xampp\htdocs\yii\framework\web\CController.php(308): CInlineAction->runWithParams()
#5 C:\xampp\htdocs\yii\framework\web\CController.php(286): HomeController->runAction()
#6 C:\xampp\htdocs\yii\framework\web\CController.php(265): HomeController->runActionWithFilters()
#7 C:\xampp\htdocs\yii\framework\web\CWebApplication.php(282): HomeController->run()
#8 C:\xampp\htdocs\yii\framework\web\CWebApplication.php(141): CWebApplication->runController()
#9 C:\xampp\htdocs\yii\framework\base\CApplication.php(184): CWebApplication->processRequest()
#10 C:\xampp\htdocs\firstyii\index.php(13): CWebApplication->run()
REQUEST_URI=/firstyii/home
in C:\xampp\htdocs\firstyii\protected\views\home\view.php (71)
in C:\xampp\htdocs\firstyii\protected\controllers\HomeController.php (16)
in C:\xampp\htdocs\firstyii\index.php (13)
2014/12/24 16:28:36 [error] [php] Undefined variable: model (C:\xampp\htdocs\firstyii\protected\views\home\view.php:71)
Stack trace:
#0 C:\xampp\htdocs\yii\framework\web\CController.php(869): HomeController->renderFile()
#1 C:\xampp\htdocs\yii\framework\web\CController.php(782): HomeController->renderPartial()
#2 C:\xampp\htdocs\firstyii\protected\controllers\HomeController.php(14): HomeController->render()
#3 C:\xampp\htdocs\yii\framework\web\actions\CInlineAction.php(49): HomeController->actionIndex()
#4 C:\xampp\htdocs\yii\framework\web\CController.php(308): CInlineAction->runWithParams()
#5 C:\xampp\htdocs\yii\framework\web\CController.php(286): HomeController->runAction()
#6 C:\xampp\htdocs\yii\framework\web\CController.php(265): HomeController->runActionWithFilters()
#7 C:\xampp\htdocs\yii\framework\web\CWebApplication.php(282): HomeController->run()
#8 C:\xampp\htdocs\yii\framework\web\CWebApplication.php(141): CWebApplication->runController()
#9 C:\xampp\htdocs\yii\framework\base\CApplication.php(184): CWebApplication->processRequest()
#10 C:\xampp\htdocs\firstyii\index.php(13): CWebApplication->run()
REQUEST_URI=/firstyii/home
in C:\xampp\htdocs\firstyii\protected\views\home\view.php (71)
in C:\xampp\htdocs\firstyii\protected\controllers\HomeController.php (14)
in C:\xampp\htdocs\firstyii\index.php (13)
2014/12/24 16:38:08 [error] [php] Undefined variable: model (C:\xampp\htdocs\firstyii\protected\views\home\view.php:71)
Stack trace:
#0 C:\xampp\htdocs\yii\framework\web\CController.php(869): HomeController->renderFile()
#1 C:\xampp\htdocs\yii\framework\web\CController.php(782): HomeController->renderPartial()
#2 C:\xampp\htdocs\firstyii\protected\controllers\HomeController.php(14): HomeController->render()
#3 C:\xampp\htdocs\yii\framework\web\actions\CInlineAction.php(49): HomeController->actionIndex()
#4 C:\xampp\htdocs\yii\framework\web\CController.php(308): CInlineAction->runWithParams()
#5 C:\xampp\htdocs\yii\framework\web\CController.php(286): HomeController->runAction()
#6 C:\xampp\htdocs\yii\framework\web\CController.php(265): HomeController->runActionWithFilters()
#7 C:\xampp\htdocs\yii\framework\web\CWebApplication.php(282): HomeController->run()
#8 C:\xampp\htdocs\yii\framework\web\CWebApplication.php(141): CWebApplication->runController()
#9 C:\xampp\htdocs\yii\framework\base\CApplication.php(184): CWebApplication->processRequest()
#10 C:\xampp\htdocs\firstyii\index.php(13): CWebApplication->run()
REQUEST_URI=/firstyii/home
in C:\xampp\htdocs\firstyii\protected\views\home\view.php (71)
in C:\xampp\htdocs\firstyii\protected\controllers\HomeController.php (14)
in C:\xampp\htdocs\firstyii\index.php (13)
2014/12/24 16:40:35 [error] [php] Undefined variable: form (C:\xampp\htdocs\firstyii\protected\views\site\login.php:22)
Stack trace:
#0 C:\xampp\htdocs\yii\framework\web\CController.php(869): SiteController->renderFile()
#1 C:\xampp\htdocs\yii\framework\web\CController.php(782): SiteController->renderPartial()
#2 C:\xampp\htdocs\firstyii\protected\controllers\SiteController.php(100): SiteController->render()
#3 C:\xampp\htdocs\yii\framework\web\actions\CInlineAction.php(49): SiteController->actionLogin()
#4 C:\xampp\htdocs\yii\framework\web\CController.php(308): CInlineAction->runWithParams()
#5 C:\xampp\htdocs\yii\framework\web\CController.php(286): SiteController->runAction()
#6 C:\xampp\htdocs\yii\framework\web\CController.php(265): SiteController->runActionWithFilters()
#7 C:\xampp\htdocs\yii\framework\web\CWebApplication.php(282): SiteController->run()
#8 C:\xampp\htdocs\yii\framework\web\CWebApplication.php(141): CWebApplication->runController()
#9 C:\xampp\htdocs\yii\framework\base\CApplication.php(184): CWebApplication->processRequest()
#10 C:\xampp\htdocs\firstyii\index.php(13): CWebApplication->run()
REQUEST_URI=/firstyii/site/login
in C:\xampp\htdocs\firstyii\protected\views\site\login.php (22)
in C:\xampp\htdocs\firstyii\protected\controllers\SiteController.php (100)
in C:\xampp\htdocs\firstyii\index.php (13)
2014/12/24 16:40:36 [error] [php] Undefined variable: form (C:\xampp\htdocs\firstyii\protected\views\site\login.php:22)
Stack trace:
#0 C:\xampp\htdocs\yii\framework\web\CController.php(869): SiteController->renderFile()
#1 C:\xampp\htdocs\yii\framework\web\CController.php(782): SiteController->renderPartial()
#2 C:\xampp\htdocs\firstyii\protected\controllers\SiteController.php(100): SiteController->render()
#3 C:\xampp\htdocs\yii\framework\web\actions\CInlineAction.php(49): SiteController->actionLogin()
#4 C:\xampp\htdocs\yii\framework\web\CController.php(308): CInlineAction->runWithParams()
#5 C:\xampp\htdocs\yii\framework\web\CController.php(286): SiteController->runAction()
#6 C:\xampp\htdocs\yii\framework\web\CController.php(265): SiteController->runActionWithFilters()
#7 C:\xampp\htdocs\yii\framework\web\CWebApplication.php(282): SiteController->run()
#8 C:\xampp\htdocs\yii\framework\web\CWebApplication.php(141): CWebApplication->runController()
#9 C:\xampp\htdocs\yii\framework\base\CApplication.php(184): CWebApplication->processRequest()
#10 C:\xampp\htdocs\firstyii\index.php(13): CWebApplication->run()
REQUEST_URI=/firstyii/site/login
in C:\xampp\htdocs\firstyii\protected\views\site\login.php (22)
in C:\xampp\htdocs\firstyii\protected\controllers\SiteController.php (100)
in C:\xampp\htdocs\firstyii\index.php (13)
2014/12/24 16:50:54 [error] [php] Undefined variable: form (C:\xampp\htdocs\firstyii\protected\views\home\view.php:63)
Stack trace:
#0 C:\xampp\htdocs\yii\framework\web\CController.php(869): HomeController->renderFile()
#1 C:\xampp\htdocs\yii\framework\web\CController.php(782): HomeController->renderPartial()
#2 C:\xampp\htdocs\firstyii\protected\controllers\HomeController.php(14): HomeController->render()
#3 C:\xampp\htdocs\yii\framework\web\actions\CInlineAction.php(49): HomeController->actionIndex()
#4 C:\xampp\htdocs\yii\framework\web\CController.php(308): CInlineAction->runWithParams()
#5 C:\xampp\htdocs\yii\framework\web\CController.php(286): HomeController->runAction()
#6 C:\xampp\htdocs\yii\framework\web\CController.php(265): HomeController->runActionWithFilters()
#7 C:\xampp\htdocs\yii\framework\web\CWebApplication.php(282): HomeController->run()
#8 C:\xampp\htdocs\yii\framework\web\CWebApplication.php(141): CWebApplication->runController()
#9 C:\xampp\htdocs\yii\framework\base\CApplication.php(184): CWebApplication->processRequest()
#10 C:\xampp\htdocs\firstyii\index.php(13): CWebApplication->run()
REQUEST_URI=/firstyii/home
in C:\xampp\htdocs\firstyii\protected\views\home\view.php (63)
in C:\xampp\htdocs\firstyii\protected\controllers\HomeController.php (14)
in C:\xampp\htdocs\firstyii\index.php (13)
2014/12/24 16:50:55 [error] [php] Undefined variable: form (C:\xampp\htdocs\firstyii\protected\views\home\view.php:63)
Stack trace:
#0 C:\xampp\htdocs\yii\framework\web\CController.php(869): HomeController->renderFile()
#1 C:\xampp\htdocs\yii\framework\web\CController.php(782): HomeController->renderPartial()
#2 C:\xampp\htdocs\firstyii\protected\controllers\HomeController.php(14): HomeController->render()
#3 C:\xampp\htdocs\yii\framework\web\actions\CInlineAction.php(49): HomeController->actionIndex()
#4 C:\xampp\htdocs\yii\framework\web\CController.php(308): CInlineAction->runWithParams()
#5 C:\xampp\htdocs\yii\framework\web\CController.php(286): HomeController->runAction()
#6 C:\xampp\htdocs\yii\framework\web\CController.php(265): HomeController->runActionWithFilters()
#7 C:\xampp\htdocs\yii\framework\web\CWebApplication.php(282): HomeController->run()
#8 C:\xampp\htdocs\yii\framework\web\CWebApplication.php(141): CWebApplication->runController()
#9 C:\xampp\htdocs\yii\framework\base\CApplication.php(184): CWebApplication->processRequest()
#10 C:\xampp\htdocs\firstyii\index.php(13): CWebApplication->run()
REQUEST_URI=/firstyii/home
in C:\xampp\htdocs\firstyii\protected\views\home\view.php (63)
in C:\xampp\htdocs\firstyii\protected\controllers\HomeController.php (14)
in C:\xampp\htdocs\firstyii\index.php (13)
2014/12/24 16:54:22 [error] [exception.CHttpException.404] exception 'CHttpException' with message 'Unable to resolve the request "newsletter/create".' in C:\xampp\htdocs\yii\framework\web\CWebApplication.php:286
Stack trace:
#0 C:\xampp\htdocs\yii\framework\web\CWebApplication.php(141): CWebApplication->runController('newsletter/crea...')
#1 C:\xampp\htdocs\yii\framework\base\CApplication.php(184): CWebApplication->processRequest()
#2 C:\xampp\htdocs\firstyii\index.php(13): CApplication->run()
#3 {main}
REQUEST_URI=/firstyii/newsletter/create
HTTP_REFERER=http://localhost/firstyii/home
---
2014/12/24 17:01:46 [error] [exception.CHttpException.404] exception 'CHttpException' with message 'The system is unable to find the requested action "logout".' in C:\xampp\htdocs\yii\framework\web\CController.php:483
Stack trace:
#0 C:\xampp\htdocs\yii\framework\web\CController.php(270): CController->missingAction('logout')
#1 C:\xampp\htdocs\yii\framework\web\CWebApplication.php(282): CController->run('logout')
#2 C:\xampp\htdocs\yii\framework\web\CWebApplication.php(141): CWebApplication->runController('home/logout')
#3 C:\xampp\htdocs\yii\framework\base\CApplication.php(184): CWebApplication->processRequest()
#4 C:\xampp\htdocs\firstyii\index.php(13): CApplication->run()
#5 {main}
REQUEST_URI=/firstyii/home/logout
HTTP_REFERER=http://localhost/firstyii/home/index
---
